2021-08-14 20:28:24.688  INFO 2179 --- [Thread-3] o.s.s.concurrent.ThreadPoolTaskExecutor  : Shutting down ExecutorService 'applicationTaskExecutor'
2021-08-14 20:28:24.691  INFO 2179 --- [Thread-3] j.LocalContainerEntityManagerFactoryBean : Closing JPA EntityManagerFactory for persistence unit 'default'
2021-08-14 20:28:24.706  INFO 2179 --- [Thread-3] com.zaxxer.hikari.HikariDataSource       : HikariPool-1 - Shutdown initiated...
2021-08-14 20:28:24.716  INFO 2179 --- [Thread-3] com.zaxxer.hikari.HikariDataSource       : HikariPool-1 - Shutdown completed.
2021-08-14 20:28:50.965  INFO 2232 --- [main] com.example.demo.SareetaApplication      : Starting SareetaApplication on Amols-MacBook-Air.local with PID 2232 (/Users/amol/Desktop/UdacityJava/DevOpsFinal/nd035-c4-Security-and-DevOps/starter_code/target/classes started by amol in /Users/amol/Desktop/UdacityJava/DevOpsFinal/nd035-c4-Security-and-DevOps/starter_code)
2021-08-14 20:28:50.970  INFO 2232 --- [main] com.example.demo.SareetaApplication      : No active profile set, falling back to default profiles: default
2021-08-14 20:28:52.611  INFO 2232 --- [main] .s.d.r.c.RepositoryConfigurationDelegate : Bootstrapping Spring Data repositories in DEFAULT mode.
2021-08-14 20:28:52.724  INFO 2232 --- [main] .s.d.r.c.RepositoryConfigurationDelegate : Finished Spring Data repository scanning in 98ms. Found 4 repository interfaces.
2021-08-14 20:28:53.644  INFO 2232 --- [main] trationDelegate$BeanPostProcessorChecker : Bean 'org.springframework.transaction.annotation.ProxyTransactionManagementConfiguration' of type [org.springframework.transaction.annotation.ProxyTransactionManagementConfiguration$$EnhancerBySpringCGLIB$$23df008] is not eligible for getting processed by all BeanPostProcessors (for example: not eligible for auto-proxying)
2021-08-14 20:28:54.183  INFO 2232 --- [main] o.s.b.w.embedded.tomcat.TomcatWebServer  : Tomcat initialized with port(s): 8080 (http)
2021-08-14 20:28:54.227  INFO 2232 --- [main] o.apache.catalina.core.StandardService   : Starting service [Tomcat]
2021-08-14 20:28:54.227  INFO 2232 --- [main] org.apache.catalina.core.StandardEngine  : Starting Servlet engine: [Apache Tomcat/9.0.19]
2021-08-14 20:28:54.447  INFO 2232 --- [main] o.a.c.c.C.[Tomcat].[localhost].[/]       : Initializing Spring embedded WebApplicationContext
2021-08-14 20:28:54.450  INFO 2232 --- [main] o.s.web.context.ContextLoader            : Root WebApplicationContext: initialization completed in 3323 ms
2021-08-14 20:28:54.746  INFO 2232 --- [main] com.zaxxer.hikari.HikariDataSource       : HikariPool-1 - Starting...
2021-08-14 20:28:55.071  INFO 2232 --- [main] com.zaxxer.hikari.HikariDataSource       : HikariPool-1 - Start completed.
2021-08-14 20:28:55.164  INFO 2232 --- [main] o.hibernate.jpa.internal.util.LogHelper  : HHH000204: Processing PersistenceUnitInfo [
	name: default
	...]
2021-08-14 20:28:55.308  INFO 2232 --- [main] org.hibernate.Version                    : HHH000412: Hibernate Core {5.3.10.Final}
2021-08-14 20:28:55.310  INFO 2232 --- [main] org.hibernate.cfg.Environment            : HHH000206: hibernate.properties not found
2021-08-14 20:28:55.741  INFO 2232 --- [main] o.hibernate.annotations.common.Version   : HCANN000001: Hibernate Commons Annotations {5.0.4.Final}
2021-08-14 20:28:56.016  INFO 2232 --- [main] org.hibernate.dialect.Dialect            : HHH000400: Using dialect: org.hibernate.dialect.H2Dialect
2021-08-14 20:28:57.328  INFO 2232 --- [main] j.LocalContainerEntityManagerFactoryBean : Initialized JPA EntityManagerFactory for persistence unit 'default'
2021-08-14 20:28:58.603  WARN 2232 --- [main] aWebConfiguration$JpaWebMvcConfiguration : spring.jpa.open-in-view is enabled by default. Therefore, database queries may be performed during view rendering. Explicitly configure spring.jpa.open-in-view to disable this warning
2021-08-14 20:28:58.719  INFO 2232 --- [main] o.s.s.web.DefaultSecurityFilterChain     : Creating filter chain: any request, [org.springframework.security.web.context.request.async.WebAsyncManagerIntegrationFilter@42734b71, org.springframework.security.web.context.SecurityContextPersistenceFilter@6a54aa7a, org.springframework.security.web.header.HeaderWriterFilter@446cc036, org.springframework.web.filter.CorsFilter@3a45308f, org.springframework.security.web.authentication.logout.LogoutFilter@fabfc79, com.example.demo.security.JWTAuthenticationFilter@70e54ec3, com.example.demo.security.JWTAuthenticationVerficationFilter@3cc817bd, org.springframework.security.web.savedrequest.RequestCacheAwareFilter@2a60981c, org.springframework.security.web.servletapi.SecurityContextHolderAwareRequestFilter@4c8a9266, org.springframework.security.web.authentication.AnonymousAuthenticationFilter@64b8eb96, org.springframework.security.web.session.SessionManagementFilter@6ad198c9, org.springframework.security.web.access.ExceptionTranslationFilter@2c4eae94, org.springframework.security.web.access.intercept.FilterSecurityInterceptor@5c34b0f2]
2021-08-14 20:28:58.971  INFO 2232 --- [main] o.s.s.concurrent.ThreadPoolTaskExecutor  : Initializing ExecutorService 'applicationTaskExecutor'
2021-08-14 20:28:59.390  INFO 2232 --- [main] o.s.b.w.embedded.tomcat.TomcatWebServer  : Tomcat started on port(s): 8080 (http) with context path ''
2021-08-14 20:28:59.392  INFO 2232 --- [main] com.example.demo.SareetaApplication      : Started SareetaApplication in 9.645 seconds (JVM running for 10.852)
2021-08-14 20:29:20.740  INFO 2232 --- [http-nio-8080-exec-2] o.a.c.c.C.[Tomcat].[localhost].[/]       : Initializing Spring DispatcherServlet 'dispatcherServlet'
2021-08-14 20:29:20.741  INFO 2232 --- [http-nio-8080-exec-2] o.s.web.servlet.DispatcherServlet        : Initializing Servlet 'dispatcherServlet'
2021-08-14 20:29:20.762  INFO 2232 --- [http-nio-8080-exec-2] o.s.web.servlet.DispatcherServlet        : Completed initialization in 20 ms
2021-08-14 20:29:21.083  INFO 2232 --- [http-nio-8080-exec-2] c.e.demo.controllers.UserController      : User name set with:- Sareeta
2021-08-14 20:29:33.524  INFO 2232 --- [http-nio-8080-exec-3] o.h.h.i.QueryTranslatorFactoryInitiator  : HHH000397: Using ASTQueryTranslatorFactory
2021-08-14 20:30:08.401  INFO 2232 --- [http-nio-8080-exec-2] c.e.demo.controllers.OrderController     : User does not exist
2021-08-14 20:30:47.392  INFO 2232 --- [http-nio-8080-exec-3] c.e.demo.controllers.OrderController     : User does not exist
2021-08-14 20:30:47.918  INFO 2232 --- [http-nio-8080-exec-4] c.e.demo.controllers.OrderController     : User does not exist
2021-08-14 20:30:48.250  INFO 2232 --- [http-nio-8080-exec-5] c.e.demo.controllers.OrderController     : User does not exist
2021-08-14 20:30:48.831  INFO 2232 --- [http-nio-8080-exec-6] c.e.demo.controllers.OrderController     : User does not exist
2021-08-14 20:30:49.247  INFO 2232 --- [http-nio-8080-exec-7] c.e.demo.controllers.OrderController     : User does not exist
2021-08-14 20:30:49.739  INFO 2232 --- [http-nio-8080-exec-8] c.e.demo.controllers.OrderController     : User does not exist
2021-08-14 20:30:50.208  INFO 2232 --- [http-nio-8080-exec-9] c.e.demo.controllers.OrderController     : User does not exist
2021-08-14 20:30:50.596  INFO 2232 --- [http-nio-8080-exec-10] c.e.demo.controllers.OrderController     : User does not exist
2021-08-14 20:35:26.924  INFO 2232 --- [Thread-3] o.s.s.concurrent.ThreadPoolTaskExecutor  : Shutting down ExecutorService 'applicationTaskExecutor'
2021-08-14 20:35:26.933  INFO 2232 --- [Thread-3] j.LocalContainerEntityManagerFactoryBean : Closing JPA EntityManagerFactory for persistence unit 'default'
2021-08-14 20:35:26.938  INFO 2232 --- [Thread-3] com.zaxxer.hikari.HikariDataSource       : HikariPool-1 - Shutdown initiated...
2021-08-14 20:35:26.949  INFO 2232 --- [Thread-3] com.zaxxer.hikari.HikariDataSource       : HikariPool-1 - Shutdown completed.
2021-08-14 20:35:42.075  INFO 2269 --- [main] com.example.demo.SareetaApplication      : Starting SareetaApplication on Amols-MacBook-Air.local with PID 2269 (/Users/amol/Desktop/UdacityJava/DevOpsFinal/nd035-c4-Security-and-DevOps/starter_code/target/classes started by amol in /Users/amol/Desktop/UdacityJava/DevOpsFinal/nd035-c4-Security-and-DevOps/starter_code)
2021-08-14 20:35:42.093  INFO 2269 --- [main] com.example.demo.SareetaApplication      : No active profile set, falling back to default profiles: default
2021-08-14 20:35:43.478  INFO 2269 --- [main] .s.d.r.c.RepositoryConfigurationDelegate : Bootstrapping Spring Data repositories in DEFAULT mode.
2021-08-14 20:35:43.592  INFO 2269 --- [main] .s.d.r.c.RepositoryConfigurationDelegate : Finished Spring Data repository scanning in 92ms. Found 4 repository interfaces.
2021-08-14 20:35:44.501  INFO 2269 --- [main] trationDelegate$BeanPostProcessorChecker : Bean 'org.springframework.transaction.annotation.ProxyTransactionManagementConfiguration' of type [org.springframework.transaction.annotation.ProxyTransactionManagementConfiguration$$EnhancerBySpringCGLIB$$63e9a49f] is not eligible for getting processed by all BeanPostProcessors (for example: not eligible for auto-proxying)
2021-08-14 20:35:44.996  INFO 2269 --- [main] o.s.b.w.embedded.tomcat.TomcatWebServer  : Tomcat initialized with port(s): 8080 (http)
2021-08-14 20:35:45.039  INFO 2269 --- [main] o.apache.catalina.core.StandardService   : Starting service [Tomcat]
2021-08-14 20:35:45.040  INFO 2269 --- [main] org.apache.catalina.core.StandardEngine  : Starting Servlet engine: [Apache Tomcat/9.0.19]
2021-08-14 20:35:45.251  INFO 2269 --- [main] o.a.c.c.C.[Tomcat].[localhost].[/]       : Initializing Spring embedded WebApplicationContext
2021-08-14 20:35:45.251  INFO 2269 --- [main] o.s.web.context.ContextLoader            : Root WebApplicationContext: initialization completed in 3017 ms
2021-08-14 20:35:45.522  INFO 2269 --- [main] com.zaxxer.hikari.HikariDataSource       : HikariPool-1 - Starting...
2021-08-14 20:35:45.825  INFO 2269 --- [main] com.zaxxer.hikari.HikariDataSource       : HikariPool-1 - Start completed.
2021-08-14 20:35:45.916  INFO 2269 --- [main] o.hibernate.jpa.internal.util.LogHelper  : HHH000204: Processing PersistenceUnitInfo [
	name: default
	...]
2021-08-14 20:35:46.056  INFO 2269 --- [main] org.hibernate.Version                    : HHH000412: Hibernate Core {5.3.10.Final}
2021-08-14 20:35:46.059  INFO 2269 --- [main] org.hibernate.cfg.Environment            : HHH000206: hibernate.properties not found
2021-08-14 20:35:46.383  INFO 2269 --- [main] o.hibernate.annotations.common.Version   : HCANN000001: Hibernate Commons Annotations {5.0.4.Final}
2021-08-14 20:35:46.626  INFO 2269 --- [main] org.hibernate.dialect.Dialect            : HHH000400: Using dialect: org.hibernate.dialect.H2Dialect
2021-08-14 20:35:48.018  INFO 2269 --- [main] j.LocalContainerEntityManagerFactoryBean : Initialized JPA EntityManagerFactory for persistence unit 'default'
2021-08-14 20:35:49.075  WARN 2269 --- [main] aWebConfiguration$JpaWebMvcConfiguration : spring.jpa.open-in-view is enabled by default. Therefore, database queries may be performed during view rendering. Explicitly configure spring.jpa.open-in-view to disable this warning
2021-08-14 20:35:49.179  INFO 2269 --- [main] o.s.s.web.DefaultSecurityFilterChain     : Creating filter chain: any request, [org.springframework.security.web.context.request.async.WebAsyncManagerIntegrationFilter@52b891de, org.springframework.security.web.context.SecurityContextPersistenceFilter@33b2ba25, org.springframework.security.web.header.HeaderWriterFilter@4cb773c5, org.springframework.web.filter.CorsFilter@4ae6451d, org.springframework.security.web.authentication.logout.LogoutFilter@26be0d23, com.example.demo.security.JWTAuthenticationFilter@5f32ab17, com.example.demo.security.JWTAuthenticationVerficationFilter@54530644, org.springframework.security.web.savedrequest.RequestCacheAwareFilter@481bae3f, org.springframework.security.web.servletapi.SecurityContextHolderAwareRequestFilter@5aeebccc, org.springframework.security.web.authentication.AnonymousAuthenticationFilter@42734b71, org.springframework.security.web.session.SessionManagementFilter@3f33bb6f, org.springframework.security.web.access.ExceptionTranslationFilter@471a9e8c, org.springframework.security.web.access.intercept.FilterSecurityInterceptor@438a2d3]
2021-08-14 20:35:49.417  INFO 2269 --- [main] o.s.s.concurrent.ThreadPoolTaskExecutor  : Initializing ExecutorService 'applicationTaskExecutor'
2021-08-14 20:35:49.722  INFO 2269 --- [main] o.s.b.w.embedded.tomcat.TomcatWebServer  : Tomcat started on port(s): 8080 (http) with context path ''
2021-08-14 20:35:49.725  INFO 2269 --- [main] com.example.demo.SareetaApplication      : Started SareetaApplication in 8.715 seconds (JVM running for 9.671)
2021-08-14 20:36:33.979  INFO 2269 --- [http-nio-8080-exec-2] o.a.c.c.C.[Tomcat].[localhost].[/]       : Initializing Spring DispatcherServlet 'dispatcherServlet'
2021-08-14 20:36:33.980  INFO 2269 --- [http-nio-8080-exec-2] o.s.web.servlet.DispatcherServlet        : Initializing Servlet 'dispatcherServlet'
2021-08-14 20:36:34.004  INFO 2269 --- [http-nio-8080-exec-2] o.s.web.servlet.DispatcherServlet        : Completed initialization in 23 ms
2021-08-14 20:36:34.280  INFO 2269 --- [http-nio-8080-exec-2] c.e.demo.controllers.UserController      : User name set with:- Sareeta
2021-08-14 20:36:34.563  INFO 2269 --- [http-nio-8080-exec-2] c.e.demo.controllers.UserController      : User Sareetacreated successfully
2021-08-14 20:36:38.886  INFO 2269 --- [http-nio-8080-exec-3] o.h.h.i.QueryTranslatorFactoryInitiator  : HHH000397: Using ASTQueryTranslatorFactory
2021-08-14 20:36:42.179  INFO 2269 --- [http-nio-8080-exec-4] c.e.demo.controllers.CartController      : Item successfully added to cart
2021-08-14 20:36:46.949  INFO 2269 --- [http-nio-8080-exec-5] c.e.demo.controllers.CartController      : Item successfully removed from cart
2021-08-14 20:36:49.253  INFO 2269 --- [http-nio-8080-exec-6] c.e.demo.controllers.CartController      : Item successfully added to cart
2021-08-14 20:36:51.766  INFO 2269 --- [http-nio-8080-exec-7] c.e.demo.controllers.OrderController     : Order submitted successfully
2021-08-14 20:36:55.273  INFO 2269 --- [http-nio-8080-exec-9] c.e.demo.controllers.OrderController     : Fetching order history for user Sareeta
2021-08-14 20:38:36.889  INFO 2269 --- [Thread-3] o.s.s.concurrent.ThreadPoolTaskExecutor  : Shutting down ExecutorService 'applicationTaskExecutor'
2021-08-14 20:38:36.892  INFO 2269 --- [Thread-3] j.LocalContainerEntityManagerFactoryBean : Closing JPA EntityManagerFactory for persistence unit 'default'
2021-08-14 20:38:36.898  INFO 2269 --- [Thread-3] com.zaxxer.hikari.HikariDataSource       : HikariPool-1 - Shutdown initiated...
2021-08-14 20:38:36.904  INFO 2269 --- [Thread-3] com.zaxxer.hikari.HikariDataSource       : HikariPool-1 - Shutdown completed.
2021-08-14 20:38:48.726  INFO 2281 --- [main] com.example.demo.SareetaApplication      : Starting SareetaApplication on Amols-MacBook-Air.local with PID 2281 (/Users/amol/Desktop/UdacityJava/DevOpsFinal/nd035-c4-Security-and-DevOps/starter_code/target/classes started by amol in /Users/amol/Desktop/UdacityJava/DevOpsFinal/nd035-c4-Security-and-DevOps/starter_code)
2021-08-14 20:38:48.731  INFO 2281 --- [main] com.example.demo.SareetaApplication      : No active profile set, falling back to default profiles: default
2021-08-14 20:38:50.207  INFO 2281 --- [main] .s.d.r.c.RepositoryConfigurationDelegate : Bootstrapping Spring Data repositories in DEFAULT mode.
2021-08-14 20:38:50.318  INFO 2281 --- [main] .s.d.r.c.RepositoryConfigurationDelegate : Finished Spring Data repository scanning in 96ms. Found 4 repository interfaces.
2021-08-14 20:38:51.117  INFO 2281 --- [main] trationDelegate$BeanPostProcessorChecker : Bean 'org.springframework.transaction.annotation.ProxyTransactionManagementConfiguration' of type [org.springframework.transaction.annotation.ProxyTransactionManagementConfiguration$$EnhancerBySpringCGLIB$$4ae6812b] is not eligible for getting processed by all BeanPostProcessors (for example: not eligible for auto-proxying)
2021-08-14 20:38:51.568  INFO 2281 --- [main] o.s.b.w.embedded.tomcat.TomcatWebServer  : Tomcat initialized with port(s): 8080 (http)
2021-08-14 20:38:51.614  INFO 2281 --- [main] o.apache.catalina.core.StandardService   : Starting service [Tomcat]
2021-08-14 20:38:51.615  INFO 2281 --- [main] org.apache.catalina.core.StandardEngine  : Starting Servlet engine: [Apache Tomcat/9.0.19]
2021-08-14 20:38:51.835  INFO 2281 --- [main] o.a.c.c.C.[Tomcat].[localhost].[/]       : Initializing Spring embedded WebApplicationContext
2021-08-14 20:38:51.835  INFO 2281 --- [main] o.s.web.context.ContextLoader            : Root WebApplicationContext: initialization completed in 2958 ms
2021-08-14 20:38:52.090  INFO 2281 --- [main] com.zaxxer.hikari.HikariDataSource       : HikariPool-1 - Starting...
2021-08-14 20:38:52.409  INFO 2281 --- [main] com.zaxxer.hikari.HikariDataSource       : HikariPool-1 - Start completed.
2021-08-14 20:38:52.493  INFO 2281 --- [main] o.hibernate.jpa.internal.util.LogHelper  : HHH000204: Processing PersistenceUnitInfo [
	name: default
	...]
2021-08-14 20:38:52.634  INFO 2281 --- [main] org.hibernate.Version                    : HHH000412: Hibernate Core {5.3.10.Final}
2021-08-14 20:38:52.636  INFO 2281 --- [main] org.hibernate.cfg.Environment            : HHH000206: hibernate.properties not found
2021-08-14 20:38:52.929  INFO 2281 --- [main] o.hibernate.annotations.common.Version   : HCANN000001: Hibernate Commons Annotations {5.0.4.Final}
2021-08-14 20:38:53.154  INFO 2281 --- [main] org.hibernate.dialect.Dialect            : HHH000400: Using dialect: org.hibernate.dialect.H2Dialect
2021-08-14 20:38:54.405  INFO 2281 --- [main] j.LocalContainerEntityManagerFactoryBean : Initialized JPA EntityManagerFactory for persistence unit 'default'
2021-08-14 20:38:55.445  WARN 2281 --- [main] aWebConfiguration$JpaWebMvcConfiguration : spring.jpa.open-in-view is enabled by default. Therefore, database queries may be performed during view rendering. Explicitly configure spring.jpa.open-in-view to disable this warning
2021-08-14 20:38:55.553  INFO 2281 --- [main] o.s.s.web.DefaultSecurityFilterChain     : Creating filter chain: any request, [org.springframework.security.web.context.request.async.WebAsyncManagerIntegrationFilter@56e78538, org.springframework.security.web.context.SecurityContextPersistenceFilter@27048db3, org.springframework.security.web.header.HeaderWriterFilter@116b0b32, org.springframework.web.filter.CorsFilter@731fae, org.springframework.security.web.authentication.logout.LogoutFilter@36349e29, com.example.demo.security.JWTAuthenticationFilter@438a2d3, com.example.demo.security.JWTAuthenticationVerficationFilter@6fe9c048, org.springframework.security.web.savedrequest.RequestCacheAwareFilter@7bebad0d, org.springframework.security.web.servletapi.SecurityContextHolderAwareRequestFilter@48751d8a, org.springframework.security.web.authentication.AnonymousAuthenticationFilter@54d46c8, org.springframework.security.web.session.SessionManagementFilter@26d445e9, org.springframework.security.web.access.ExceptionTranslationFilter@f6cde7e, org.springframework.security.web.access.intercept.FilterSecurityInterceptor@7adbec34]
2021-08-14 20:38:55.770  INFO 2281 --- [main] o.s.s.concurrent.ThreadPoolTaskExecutor  : Initializing ExecutorService 'applicationTaskExecutor'
2021-08-14 20:38:56.068  INFO 2281 --- [main] o.s.b.w.embedded.tomcat.TomcatWebServer  : Tomcat started on port(s): 8080 (http) with context path ''
2021-08-14 20:38:56.070  INFO 2281 --- [main] com.example.demo.SareetaApplication      : Started SareetaApplication in 8.383 seconds (JVM running for 9.318)
2021-08-14 20:41:34.656  INFO 2281 --- [http-nio-8080-exec-2] o.a.c.c.C.[Tomcat].[localhost].[/]       : Initializing Spring DispatcherServlet 'dispatcherServlet'
2021-08-14 20:41:34.660  INFO 2281 --- [http-nio-8080-exec-2] o.s.web.servlet.DispatcherServlet        : Initializing Servlet 'dispatcherServlet'
2021-08-14 20:41:34.687  INFO 2281 --- [http-nio-8080-exec-2] o.s.web.servlet.DispatcherServlet        : Completed initialization in 26 ms
2021-08-14 20:41:35.040  INFO 2281 --- [http-nio-8080-exec-2] c.e.demo.controllers.UserController      : User name set with:- Sareeta
2021-08-14 20:41:35.438  INFO 2281 --- [http-nio-8080-exec-2] c.e.demo.controllers.UserController      : User Sareeta created successfully
2021-08-14 20:42:02.182  INFO 2281 --- [http-nio-8080-exec-3] o.h.h.i.QueryTranslatorFactoryInitiator  : HHH000397: Using ASTQueryTranslatorFactory
2021-08-14 20:42:05.935  INFO 2281 --- [http-nio-8080-exec-4] c.e.demo.controllers.CartController      : Item successfully added to cart
2021-08-14 20:42:07.583  INFO 2281 --- [http-nio-8080-exec-5] c.e.demo.controllers.CartController      : Item successfully removed from cart
2021-08-14 20:42:09.398  INFO 2281 --- [http-nio-8080-exec-6] c.e.demo.controllers.OrderController     : Order submitted successfully
2021-08-14 20:42:13.040  INFO 2281 --- [http-nio-8080-exec-8] c.e.demo.controllers.OrderController     : Fetching order history for user Sareeta
2021-08-14 20:42:39.990  INFO 2281 --- [http-nio-8080-exec-7] c.e.demo.controllers.OrderController     : User does not exist
2021-08-14 20:42:40.414  INFO 2281 --- [http-nio-8080-exec-8] c.e.demo.controllers.OrderController     : User does not exist
2021-08-14 20:42:45.363  INFO 2281 --- [http-nio-8080-exec-9] c.e.demo.controllers.OrderController     : Order submitted successfully
